<?xml version="1.0" encoding="UTF-8"?>
<coverage generated="1513112980419" clover="3.2.0">
  <project timestamp="1513112980420" name="All files">
    <metrics statements="21" coveredstatements="20" conditionals="2" coveredconditionals="2" methods="14" coveredmethods="12" elements="37" coveredelements="34" complexity="0" loc="21" ncloc="21" packages="3" files="5" classes="5">
      <package name="src">
        <metrics statements="3" coveredstatements="2" conditionals="0" coveredconditionals="0" methods="1" coveredmethods="0"/>
        <file name="setupTests.js" path="/Users/joshbryson/react_tdd/giftgiver/src/setupTests.js">
          <metrics statements="1" coveredstatements="1" conditionals="0" coveredconditionals="0" methods="0" coveredmethods="0"/>
          <line num="6" count="3" type="stmt"/>
        </file>
        <file name="tempPolyfills.js" path="/Users/joshbryson/react_tdd/giftgiver/src/tempPolyfills.js">
          <metrics statements="2" coveredstatements="1" conditionals="0" coveredconditionals="0" methods="1" coveredmethods="0"/>
          <line num="1" count="3" type="stmt"/>
          <line num="2" count="0" type="stmt"/>
        </file>
      </package>
      <package name="src.components">
        <metrics statements="16" coveredstatements="16" conditionals="0" coveredconditionals="0" methods="12" coveredmethods="11"/>
        <file name="app.js" path="/Users/joshbryson/react_tdd/giftgiver/src/components/app.js">
          <metrics statements="10" coveredstatements="10" conditionals="0" coveredconditionals="0" methods="7" coveredmethods="6"/>
          <line num="8" count="1" type="stmt"/>
          <line num="10" count="1" type="stmt"/>
          <line num="14" count="4" type="stmt"/>
          <line num="16" count="4" type="stmt"/>
          <line num="18" count="4" type="stmt"/>
          <line num="20" count="4" type="stmt"/>
          <line num="24" count="1" type="stmt"/>
          <line num="26" count="1" type="stmt"/>
          <line num="30" count="10" type="stmt"/>
          <line num="36" count="4" type="stmt"/>
        </file>
        <file name="gift.js" path="/Users/joshbryson/react_tdd/giftgiver/src/components/gift.js">
          <metrics statements="6" coveredstatements="6" conditionals="0" coveredconditionals="0" methods="5" coveredmethods="5"/>
          <line num="6" count="1" type="stmt"/>
          <line num="8" count="1" type="stmt"/>
          <line num="12" count="3" type="stmt"/>
          <line num="19" count="1" type="stmt"/>
          <line num="26" count="1" type="stmt"/>
          <line num="32" count="1" type="stmt"/>
        </file>
      </package>
      <package name="src.helper">
        <metrics statements="2" coveredstatements="2" conditionals="2" coveredconditionals="2" methods="1" coveredmethods="1"/>
        <file name="index.js" path="/Users/joshbryson/react_tdd/giftgiver/src/helper/index.js">
          <metrics statements="2" coveredstatements="2" conditionals="2" coveredconditionals="2" methods="1" coveredmethods="1"/>
          <line num="1" count="2" type="stmt"/>
          <line num="2" count="6" type="cond" truecount="2" falsecount="0"/>
        </file>
      </package>
    </metrics>
  </project>
</coverage>
