{"/Users/joshbryson/react_tdd/giftgiver/src/setupTests.js": {"path":"/Users/joshbryson/react_tdd/giftgiver/src/setupTests.js","statementMap":{"0":{"start":{"line":6,"column":0},"end":{"line":6,"column":69}}},"fnMap":{},"branchMap":{},"s":{"0":3},"f":{},"b":{},"_coverageSchema":"332fd63041d2c1bcb487cc26dd0d5f7d97098a6c","hash":"51e0aa599399fef6df08b43cf0d8eaef0ed6db23"}
,"/Users/joshbryson/react_tdd/giftgiver/src/tempPolyfills.js": {"path":"/Users/joshbryson/react_tdd/giftgiver/src/tempPolyfills.js","statementMap":{"0":{"start":{"line":1,"column":30},"end":{"line":3,"column":3}},"1":{"start":{"line":2,"column":4},"end":{"line":2,"column":28}}},"fnMap":{"0":{"name":"(anonymous_0)","decl":{"start":{"line":1,"column":61},"end":{"line":1,"column":62}},"loc":{"start":{"line":1,"column":73},"end":{"line":3,"column":3}},"line":1}},"branchMap":{},"s":{"0":3,"1":0},"f":{"0":0},"b":{},"_coverageSchema":"332fd63041d2c1bcb487cc26dd0d5f7d97098a6c","hash":"10a2b9988203298ab0d6f28f618d1a0a6a405bad"}
,"/Users/joshbryson/react_tdd/giftgiver/src/components/app.js": {"path":"/Users/joshbryson/react_tdd/giftgiver/src/components/app.js","statementMap":{"0":{"start":{"line":8,"column":8},"end":{"line":8,"column":16}},"1":{"start":{"line":10,"column":8},"end":{"line":10,"column":35}},"2":{"start":{"line":14,"column":26},"end":{"line":14,"column":36}},"3":{"start":{"line":16,"column":20},"end":{"line":16,"column":57}},"4":{"start":{"line":16,"column":49},"end":{"line":16,"column":56}},"5":{"start":{"line":18,"column":8},"end":{"line":18,"column":46}},"6":{"start":{"line":20,"column":8},"end":{"line":20,"column":33}},"7":{"start":{"line":24,"column":22},"end":{"line":24,"column":69}},"8":{"start":{"line":24,"column":54},"end":{"line":24,"column":68}},"9":{"start":{"line":26,"column":8},"end":{"line":26,"column":33}},"10":{"start":{"line":30,"column":8},"end":{"line":48,"column":9}},"11":{"start":{"line":36,"column":28},"end":{"line":42,"column":29}}},"fnMap":{"0":{"name":"(anonymous_0)","decl":{"start":{"line":7,"column":4},"end":{"line":7,"column":5}},"loc":{"start":{"line":7,"column":18},"end":{"line":11,"column":5}},"line":7},"1":{"name":"(anonymous_1)","decl":{"start":{"line":13,"column":14},"end":{"line":13,"column":15}},"loc":{"start":{"line":13,"column":20},"end":{"line":21,"column":5}},"line":13},"2":{"name":"(anonymous_2)","decl":{"start":{"line":16,"column":41},"end":{"line":16,"column":42}},"loc":{"start":{"line":16,"column":49},"end":{"line":16,"column":56}},"line":16},"3":{"name":"(anonymous_3)","decl":{"start":{"line":23,"column":17},"end":{"line":23,"column":18}},"loc":{"start":{"line":23,"column":23},"end":{"line":27,"column":5}},"line":23},"4":{"name":"(anonymous_4)","decl":{"start":{"line":24,"column":46},"end":{"line":24,"column":47}},"loc":{"start":{"line":24,"column":54},"end":{"line":24,"column":68}},"line":24},"5":{"name":"(anonymous_5)","decl":{"start":{"line":29,"column":4},"end":{"line":29,"column":5}},"loc":{"start":{"line":29,"column":13},"end":{"line":49,"column":5}},"line":29},"6":{"name":"(anonymous_6)","decl":{"start":{"line":35,"column":45},"end":{"line":35,"column":46}},"loc":{"start":{"line":35,"column":53},"end":{"line":43,"column":25}},"line":35}},"branchMap":{},"s":{"0":1,"1":1,"2":4,"3":4,"4":0,"5":4,"6":4,"7":1,"8":1,"9":1,"10":10,"11":4},"f":{"0":1,"1":4,"2":0,"3":1,"4":1,"5":10,"6":4},"b":{},"_coverageSchema":"332fd63041d2c1bcb487cc26dd0d5f7d97098a6c","hash":"82c29d10d631fd56c37d02485f7ef57b177e0b9d"}
,"/Users/joshbryson/react_tdd/giftgiver/src/components/gift.js": {"path":"/Users/joshbryson/react_tdd/giftgiver/src/components/gift.js","statementMap":{"0":{"start":{"line":6,"column":8},"end":{"line":6,"column":16}},"1":{"start":{"line":8,"column":8},"end":{"line":8,"column":48}},"2":{"start":{"line":12,"column":8},"end":{"line":37,"column":10}},"3":{"start":{"line":19,"column":47},"end":{"line":19,"column":92}},"4":{"start":{"line":26,"column":47},"end":{"line":26,"column":93}},"5":{"start":{"line":32,"column":35},"end":{"line":32,"column":76}}},"fnMap":{"0":{"name":"(anonymous_0)","decl":{"start":{"line":5,"column":4},"end":{"line":5,"column":5}},"loc":{"start":{"line":5,"column":18},"end":{"line":9,"column":5}},"line":5},"1":{"name":"(anonymous_1)","decl":{"start":{"line":11,"column":4},"end":{"line":11,"column":5}},"loc":{"start":{"line":11,"column":13},"end":{"line":38,"column":5}},"line":11},"2":{"name":"(anonymous_2)","decl":{"start":{"line":19,"column":38},"end":{"line":19,"column":39}},"loc":{"start":{"line":19,"column":47},"end":{"line":19,"column":92}},"line":19},"3":{"name":"(anonymous_3)","decl":{"start":{"line":26,"column":38},"end":{"line":26,"column":39}},"loc":{"start":{"line":26,"column":47},"end":{"line":26,"column":93}},"line":26},"4":{"name":"(anonymous_4)","decl":{"start":{"line":32,"column":29},"end":{"line":32,"column":30}},"loc":{"start":{"line":32,"column":35},"end":{"line":32,"column":76}},"line":32}},"branchMap":{},"s":{"0":1,"1":1,"2":3,"3":1,"4":1,"5":1},"f":{"0":1,"1":3,"2":1,"3":1,"4":1},"b":{},"_coverageSchema":"332fd63041d2c1bcb487cc26dd0d5f7d97098a6c","hash":"41699f2ead5994391a4fd91bd294efcb5f0cea85"}
,"/Users/joshbryson/react_tdd/giftgiver/src/helper/index.js": {"path":"/Users/joshbryson/react_tdd/giftgiver/src/helper/index.js","statementMap":{"0":{"start":{"line":1,"column":26},"end":{"line":3,"column":1}},"1":{"start":{"line":2,"column":4},"end":{"line":2,"column":57}}},"fnMap":{"0":{"name":"(anonymous_0)","decl":{"start":{"line":1,"column":26},"end":{"line":1,"column":27}},"loc":{"start":{"line":1,"column":37},"end":{"line":3,"column":1}},"line":1}},"branchMap":{"0":{"loc":{"start":{"line":2,"column":11},"end":{"line":2,"column":56}},"type":"cond-expr","locations":[{"start":{"line":2,"column":32},"end":{"line":2,"column":52}},{"start":{"line":2,"column":55},"end":{"line":2,"column":56}}],"line":2}},"s":{"0":2,"1":6},"f":{"0":6},"b":{"0":[1,5]},"_coverageSchema":"332fd63041d2c1bcb487cc26dd0d5f7d97098a6c","hash":"b606b53f954666829d0e5847e2d7dacc1e65529f"}
}
